0 info it worked if it ends with ok
1 verbose cli [ 'C:\\Program Files\\nodejs\\node.exe',
1 verbose cli   'C:\\Program Files\\nodejs\\node_modules\\npm\\bin\\npm-cli.js',
1 verbose cli   'i' ]
2 info using npm@4.1.2
3 info using node@v7.5.0
4 silly loadCurrentTree Starting
5 silly install loadCurrentTree
6 silly install readLocalPackageData
7 silly install normalizeTree
8 silly loadCurrentTree Finishing
9 silly loadIdealTree Starting
10 silly install loadIdealTree
11 silly cloneCurrentTree Starting
12 silly install cloneCurrentTreeToIdealTree
13 silly cloneCurrentTree Finishing
14 silly loadShrinkwrap Starting
15 silly install loadShrinkwrap
16 silly loadShrinkwrap Finishing
17 silly loadAllDepsIntoIdealTree Starting
18 silly install loadAllDepsIntoIdealTree
19 silly fetchNamedPackageData angular
20 silly mapToRegistry name angular
21 silly mapToRegistry using default registry
22 silly mapToRegistry registry https://registry.npmjs.org/
23 silly mapToRegistry data Result {
23 silly mapToRegistry   raw: 'angular',
23 silly mapToRegistry   scope: null,
23 silly mapToRegistry   escapedName: 'angular',
23 silly mapToRegistry   name: 'angular',
23 silly mapToRegistry   rawSpec: '',
23 silly mapToRegistry   spec: 'latest',
23 silly mapToRegistry   type: 'tag' }
24 silly mapToRegistry uri https://registry.npmjs.org/angular
25 silly fetchNamedPackageData bootstrap
26 silly mapToRegistry name bootstrap
27 silly mapToRegistry using default registry
28 silly mapToRegistry registry https://registry.npmjs.org/
29 silly mapToRegistry data Result {
29 silly mapToRegistry   raw: 'bootstrap',
29 silly mapToRegistry   scope: null,
29 silly mapToRegistry   escapedName: 'bootstrap',
29 silly mapToRegistry   name: 'bootstrap',
29 silly mapToRegistry   rawSpec: '',
29 silly mapToRegistry   spec: 'latest',
29 silly mapToRegistry   type: 'tag' }
30 silly mapToRegistry uri https://registry.npmjs.org/bootstrap
31 silly fetchNamedPackageData jquery
32 silly mapToRegistry name jquery
33 silly mapToRegistry using default registry
34 silly mapToRegistry registry https://registry.npmjs.org/
35 silly mapToRegistry data Result {
35 silly mapToRegistry   raw: 'jquery',
35 silly mapToRegistry   scope: null,
35 silly mapToRegistry   escapedName: 'jquery',
35 silly mapToRegistry   name: 'jquery',
35 silly mapToRegistry   rawSpec: '',
35 silly mapToRegistry   spec: 'latest',
35 silly mapToRegistry   type: 'tag' }
36 silly mapToRegistry uri https://registry.npmjs.org/jquery
37 silly fetchNamedPackageData jqueryui
38 silly mapToRegistry name jqueryui
39 silly mapToRegistry using default registry
40 silly mapToRegistry registry https://registry.npmjs.org/
41 silly mapToRegistry data Result {
41 silly mapToRegistry   raw: 'jqueryui',
41 silly mapToRegistry   scope: null,
41 silly mapToRegistry   escapedName: 'jqueryui',
41 silly mapToRegistry   name: 'jqueryui',
41 silly mapToRegistry   rawSpec: '',
41 silly mapToRegistry   spec: 'latest',
41 silly mapToRegistry   type: 'tag' }
42 silly mapToRegistry uri https://registry.npmjs.org/jqueryui
43 silly fetchNamedPackageData ng-grid
44 silly mapToRegistry name ng-grid
45 silly mapToRegistry using default registry
46 silly mapToRegistry registry https://registry.npmjs.org/
47 silly mapToRegistry data Result {
47 silly mapToRegistry   raw: 'ng-grid',
47 silly mapToRegistry   scope: null,
47 silly mapToRegistry   escapedName: 'ng-grid',
47 silly mapToRegistry   name: 'ng-grid',
47 silly mapToRegistry   rawSpec: '',
47 silly mapToRegistry   spec: 'latest',
47 silly mapToRegistry   type: 'tag' }
48 silly mapToRegistry uri https://registry.npmjs.org/ng-grid
49 verbose request uri https://registry.npmjs.org/bootstrap
50 verbose request no auth needed
51 info attempt registry request try #1 at 6:32:27 PM
52 verbose request id eae5c93e38de3865
53 verbose etag W/"59534628-c796"
54 verbose lastModified Wed, 28 Jun 2017 06:01:12 GMT
55 http request GET https://registry.npmjs.org/bootstrap
56 verbose request uri https://registry.npmjs.org/angular
57 verbose request no auth needed
58 info attempt registry request try #1 at 6:32:27 PM
59 verbose etag W/"5950b551-24b6c"
60 verbose lastModified Mon, 26 Jun 2017 07:18:41 GMT
61 http request GET https://registry.npmjs.org/angular
62 verbose request uri https://registry.npmjs.org/jqueryui
63 verbose request no auth needed
64 info attempt registry request try #1 at 6:32:27 PM
65 verbose etag W/"569e9f81-695"
66 verbose lastModified Tue, 19 Jan 2016 20:41:37 GMT
67 http request GET https://registry.npmjs.org/jqueryui
68 verbose request uri https://registry.npmjs.org/jquery
69 verbose request no auth needed
70 info attempt registry request try #1 at 6:32:27 PM
71 verbose etag W/"595355b7-160be"
72 verbose lastModified Wed, 28 Jun 2017 07:07:35 GMT
73 http request GET https://registry.npmjs.org/jquery
74 verbose request uri https://registry.npmjs.org/ng-grid
75 verbose request no auth needed
76 info attempt registry request try #1 at 6:32:28 PM
77 verbose etag W/"5139434a-3b1a"
78 verbose lastModified Fri, 08 Mar 2013 01:47:54 GMT
79 http request GET https://registry.npmjs.org/ng-grid
80 http 304 https://registry.npmjs.org/jqueryui
81 verbose headers { date: 'Wed, 28 Jun 2017 13:01:53 GMT',
81 verbose headers   via: '1.1 varnish',
81 verbose headers   'cache-control': 'max-age=300',
81 verbose headers   etag: 'W/"569e9f81-695"',
81 verbose headers   age: '38',
81 verbose headers   connection: 'keep-alive',
81 verbose headers   'x-served-by': 'cache-lhr6331-LHR',
81 verbose headers   'x-cache': 'HIT',
81 verbose headers   'x-cache-hits': '1',
81 verbose headers   'x-timer': 'S1498654914.889426,VS0,VE0',
81 verbose headers   vary: 'Accept-Encoding' }
82 silly get cb [ 304,
82 silly get   { date: 'Wed, 28 Jun 2017 13:01:53 GMT',
82 silly get     via: '1.1 varnish',
82 silly get     'cache-control': 'max-age=300',
82 silly get     etag: 'W/"569e9f81-695"',
82 silly get     age: '38',
82 silly get     connection: 'keep-alive',
82 silly get     'x-served-by': 'cache-lhr6331-LHR',
82 silly get     'x-cache': 'HIT',
82 silly get     'x-cache-hits': '1',
82 silly get     'x-timer': 'S1498654914.889426,VS0,VE0',
82 silly get     vary: 'Accept-Encoding' } ]
83 verbose etag https://registry.npmjs.org/jqueryui from cache
84 verbose get saving jqueryui to C:\Users\rahul.dutta\AppData\Roaming\npm-cache\registry.npmjs.org\jqueryui\.cache.json
85 verbose correctMkdir C:\Users\rahul.dutta\AppData\Roaming\npm-cache correctMkdir not in flight; initializing
86 http 304 https://registry.npmjs.org/ng-grid
87 verbose headers { date: 'Wed, 28 Jun 2017 13:01:53 GMT',
87 verbose headers   via: '1.1 varnish',
87 verbose headers   'cache-control': 'max-age=300',
87 verbose headers   etag: 'W/"5139434a-3b1a"',
87 verbose headers   age: '38',
87 verbose headers   connection: 'keep-alive',
87 verbose headers   'x-served-by': 'cache-lhr6345-LHR',
87 verbose headers   'x-cache': 'HIT',
87 verbose headers   'x-cache-hits': '1',
87 verbose headers   'x-timer': 'S1498654914.889981,VS0,VE0',
87 verbose headers   vary: 'Accept-Encoding' }
88 silly get cb [ 304,
88 silly get   { date: 'Wed, 28 Jun 2017 13:01:53 GMT',
88 silly get     via: '1.1 varnish',
88 silly get     'cache-control': 'max-age=300',
88 silly get     etag: 'W/"5139434a-3b1a"',
88 silly get     age: '38',
88 silly get     connection: 'keep-alive',
88 silly get     'x-served-by': 'cache-lhr6345-LHR',
88 silly get     'x-cache': 'HIT',
88 silly get     'x-cache-hits': '1',
88 silly get     'x-timer': 'S1498654914.889981,VS0,VE0',
88 silly get     vary: 'Accept-Encoding' } ]
89 verbose etag https://registry.npmjs.org/ng-grid from cache
90 verbose get saving ng-grid to C:\Users\rahul.dutta\AppData\Roaming\npm-cache\registry.npmjs.org\ng-grid\.cache.json
91 verbose correctMkdir C:\Users\rahul.dutta\AppData\Roaming\npm-cache correctMkdir already in flight; waiting
92 http 304 https://registry.npmjs.org/angular
93 verbose headers { date: 'Wed, 28 Jun 2017 13:01:53 GMT',
93 verbose headers   via: '1.1 varnish',
93 verbose headers   'cache-control': 'max-age=300',
93 verbose headers   etag: 'W/"5950b551-24b6c"',
93 verbose headers   age: '19',
93 verbose headers   connection: 'keep-alive',
93 verbose headers   'x-served-by': 'cache-lhr6323-LHR',
93 verbose headers   'x-cache': 'HIT',
93 verbose headers   'x-cache-hits': '1',
93 verbose headers   'x-timer': 'S1498654914.896479,VS0,VE1',
93 verbose headers   vary: 'Accept-Encoding' }
94 silly get cb [ 304,
94 silly get   { date: 'Wed, 28 Jun 2017 13:01:53 GMT',
94 silly get     via: '1.1 varnish',
94 silly get     'cache-control': 'max-age=300',
94 silly get     etag: 'W/"5950b551-24b6c"',
94 silly get     age: '19',
94 silly get     connection: 'keep-alive',
94 silly get     'x-served-by': 'cache-lhr6323-LHR',
94 silly get     'x-cache': 'HIT',
94 silly get     'x-cache-hits': '1',
94 silly get     'x-timer': 'S1498654914.896479,VS0,VE1',
94 silly get     vary: 'Accept-Encoding' } ]
95 verbose etag https://registry.npmjs.org/angular from cache
96 verbose get saving angular to C:\Users\rahul.dutta\AppData\Roaming\npm-cache\registry.npmjs.org\angular\.cache.json
97 verbose correctMkdir C:\Users\rahul.dutta\AppData\Roaming\npm-cache correctMkdir not in flight; initializing
98 http 304 https://registry.npmjs.org/bootstrap
99 verbose headers { date: 'Wed, 28 Jun 2017 13:01:53 GMT',
99 verbose headers   via: '1.1 varnish',
99 verbose headers   'cache-control': 'max-age=300',
99 verbose headers   etag: 'W/"59534628-c796"',
99 verbose headers   age: '8',
99 verbose headers   connection: 'keep-alive',
99 verbose headers   'x-served-by': 'cache-lhr6332-LHR',
99 verbose headers   'x-cache': 'HIT',
99 verbose headers   'x-cache-hits': '1',
99 verbose headers   'x-timer': 'S1498654914.906794,VS0,VE1',
99 verbose headers   vary: 'Accept-Encoding' }
100 silly get cb [ 304,
100 silly get   { date: 'Wed, 28 Jun 2017 13:01:53 GMT',
100 silly get     via: '1.1 varnish',
100 silly get     'cache-control': 'max-age=300',
100 silly get     etag: 'W/"59534628-c796"',
100 silly get     age: '8',
100 silly get     connection: 'keep-alive',
100 silly get     'x-served-by': 'cache-lhr6332-LHR',
100 silly get     'x-cache': 'HIT',
100 silly get     'x-cache-hits': '1',
100 silly get     'x-timer': 'S1498654914.906794,VS0,VE1',
100 silly get     vary: 'Accept-Encoding' } ]
101 verbose etag https://registry.npmjs.org/bootstrap from cache
102 verbose get saving bootstrap to C:\Users\rahul.dutta\AppData\Roaming\npm-cache\registry.npmjs.org\bootstrap\.cache.json
103 verbose correctMkdir C:\Users\rahul.dutta\AppData\Roaming\npm-cache correctMkdir not in flight; initializing
104 http 304 https://registry.npmjs.org/jquery
105 verbose headers { date: 'Wed, 28 Jun 2017 13:01:53 GMT',
105 verbose headers   via: '1.1 varnish',
105 verbose headers   'cache-control': 'max-age=300',
105 verbose headers   etag: 'W/"595355b7-160be"',
105 verbose headers   age: '248',
105 verbose headers   connection: 'keep-alive',
105 verbose headers   'x-served-by': 'cache-lhr6324-LHR',
105 verbose headers   'x-cache': 'HIT',
105 verbose headers   'x-cache-hits': '3',
105 verbose headers   'x-timer': 'S1498654914.907414,VS0,VE0',
105 verbose headers   vary: 'Accept-Encoding' }
106 silly get cb [ 304,
106 silly get   { date: 'Wed, 28 Jun 2017 13:01:53 GMT',
106 silly get     via: '1.1 varnish',
106 silly get     'cache-control': 'max-age=300',
106 silly get     etag: 'W/"595355b7-160be"',
106 silly get     age: '248',
106 silly get     connection: 'keep-alive',
106 silly get     'x-served-by': 'cache-lhr6324-LHR',
106 silly get     'x-cache': 'HIT',
106 silly get     'x-cache-hits': '3',
106 silly get     'x-timer': 'S1498654914.907414,VS0,VE0',
106 silly get     vary: 'Accept-Encoding' } ]
107 verbose etag https://registry.npmjs.org/jquery from cache
108 verbose get saving jquery to C:\Users\rahul.dutta\AppData\Roaming\npm-cache\registry.npmjs.org\jquery\.cache.json
109 verbose correctMkdir C:\Users\rahul.dutta\AppData\Roaming\npm-cache correctMkdir not in flight; initializing
110 silly fetchNamedPackageData No valid target from cache, forcing network
111 verbose request uri https://registry.npmjs.org/jqueryui
112 verbose request no auth needed
113 info attempt registry request try #1 at 6:32:28 PM
114 http request GET https://registry.npmjs.org/jqueryui
115 silly fetchNamedPackageData No valid target from cache, forcing network
116 verbose request uri https://registry.npmjs.org/angular
117 verbose request no auth needed
118 info attempt registry request try #1 at 6:32:28 PM
119 http request GET https://registry.npmjs.org/angular
120 silly fetchNamedPackageData No valid target from cache, forcing network
121 verbose request uri https://registry.npmjs.org/bootstrap
122 verbose request no auth needed
123 info attempt registry request try #1 at 6:32:28 PM
124 http request GET https://registry.npmjs.org/bootstrap
125 silly fetchNamedPackageData No valid target from cache, forcing network
126 verbose request uri https://registry.npmjs.org/ng-grid
127 verbose request no auth needed
128 info attempt registry request try #1 at 6:32:28 PM
129 http request GET https://registry.npmjs.org/ng-grid
130 silly fetchNamedPackageData No valid target from cache, forcing network
131 verbose request uri https://registry.npmjs.org/jquery
132 verbose request no auth needed
133 info attempt registry request try #1 at 6:32:28 PM
134 http request GET https://registry.npmjs.org/jquery
135 http 200 https://registry.npmjs.org/jqueryui
136 verbose headers { server: 'nginx/1.10.1',
136 verbose headers   'content-type': 'application/json',
136 verbose headers   'last-modified': 'Tue, 19 Jan 2016 20:41:37 GMT',
136 verbose headers   etag: 'W/"569e9f81-695"',
136 verbose headers   'content-encoding': 'gzip',
136 verbose headers   'cache-control': 'max-age=300',
136 verbose headers   'content-length': '679',
136 verbose headers   'accept-ranges': 'bytes',
136 verbose headers   date: 'Wed, 28 Jun 2017 13:01:54 GMT',
136 verbose headers   via: '1.1 varnish',
136 verbose headers   age: '38',
136 verbose headers   connection: 'keep-alive',
136 verbose headers   'x-served-by': 'cache-lhr6331-LHR',
136 verbose headers   'x-cache': 'HIT',
136 verbose headers   'x-cache-hits': '2',
136 verbose headers   'x-timer': 'S1498654914.119703,VS0,VE0',
136 verbose headers   vary: 'Accept-Encoding' }
137 silly get cb [ 200,
137 silly get   { server: 'nginx/1.10.1',
137 silly get     'content-type': 'application/json',
137 silly get     'last-modified': 'Tue, 19 Jan 2016 20:41:37 GMT',
137 silly get     etag: 'W/"569e9f81-695"',
137 silly get     'content-encoding': 'gzip',
137 silly get     'cache-control': 'max-age=300',
137 silly get     'content-length': '679',
137 silly get     'accept-ranges': 'bytes',
137 silly get     date: 'Wed, 28 Jun 2017 13:01:54 GMT',
137 silly get     via: '1.1 varnish',
137 silly get     age: '38',
137 silly get     connection: 'keep-alive',
137 silly get     'x-served-by': 'cache-lhr6331-LHR',
137 silly get     'x-cache': 'HIT',
137 silly get     'x-cache-hits': '2',
137 silly get     'x-timer': 'S1498654914.119703,VS0,VE0',
137 silly get     vary: 'Accept-Encoding' } ]
138 verbose get saving jqueryui to C:\Users\rahul.dutta\AppData\Roaming\npm-cache\registry.npmjs.org\jqueryui\.cache.json
139 verbose correctMkdir C:\Users\rahul.dutta\AppData\Roaming\npm-cache correctMkdir not in flight; initializing
140 http 200 https://registry.npmjs.org/bootstrap
141 verbose headers { server: 'nginx/1.10.1',
141 verbose headers   'content-type': 'application/json',
141 verbose headers   'last-modified': 'Wed, 28 Jun 2017 06:01:12 GMT',
141 verbose headers   etag: 'W/"59534628-c796"',
141 verbose headers   'content-encoding': 'gzip',
141 verbose headers   'cache-control': 'max-age=300',
141 verbose headers   'content-length': '9859',
141 verbose headers   'accept-ranges': 'bytes',
141 verbose headers   date: 'Wed, 28 Jun 2017 13:01:54 GMT',
141 verbose headers   via: '1.1 varnish',
141 verbose headers   age: '8',
141 verbose headers   connection: 'keep-alive',
141 verbose headers   'x-served-by': 'cache-lhr6323-LHR',
141 verbose headers   'x-cache': 'HIT',
141 verbose headers   'x-cache-hits': '1',
141 verbose headers   'x-timer': 'S1498654914.122479,VS0,VE0',
141 verbose headers   vary: 'Accept-Encoding' }
142 silly get cb [ 200,
142 silly get   { server: 'nginx/1.10.1',
142 silly get     'content-type': 'application/json',
142 silly get     'last-modified': 'Wed, 28 Jun 2017 06:01:12 GMT',
142 silly get     etag: 'W/"59534628-c796"',
142 silly get     'content-encoding': 'gzip',
142 silly get     'cache-control': 'max-age=300',
142 silly get     'content-length': '9859',
142 silly get     'accept-ranges': 'bytes',
142 silly get     date: 'Wed, 28 Jun 2017 13:01:54 GMT',
142 silly get     via: '1.1 varnish',
142 silly get     age: '8',
142 silly get     connection: 'keep-alive',
142 silly get     'x-served-by': 'cache-lhr6323-LHR',
142 silly get     'x-cache': 'HIT',
142 silly get     'x-cache-hits': '1',
142 silly get     'x-timer': 'S1498654914.122479,VS0,VE0',
142 silly get     vary: 'Accept-Encoding' } ]
143 verbose get saving bootstrap to C:\Users\rahul.dutta\AppData\Roaming\npm-cache\registry.npmjs.org\bootstrap\.cache.json
144 verbose correctMkdir C:\Users\rahul.dutta\AppData\Roaming\npm-cache correctMkdir not in flight; initializing
145 http 200 https://registry.npmjs.org/ng-grid
146 verbose headers { server: 'nginx/1.10.1',
146 verbose headers   'content-type': 'application/json',
146 verbose headers   'last-modified': 'Fri, 08 Mar 2013 01:47:54 GMT',
146 verbose headers   etag: 'W/"5139434a-3b1a"',
146 verbose headers   'content-encoding': 'gzip',
146 verbose headers   'cache-control': 'max-age=300',
146 verbose headers   'content-length': '3538',
146 verbose headers   'accept-ranges': 'bytes',
146 verbose headers   date: 'Wed, 28 Jun 2017 13:01:54 GMT',
146 verbose headers   via: '1.1 varnish',
146 verbose headers   age: '38',
146 verbose headers   connection: 'keep-alive',
146 verbose headers   'x-served-by': 'cache-lhr6332-LHR',
146 verbose headers   'x-cache': 'HIT',
146 verbose headers   'x-cache-hits': '1',
146 verbose headers   'x-timer': 'S1498654914.129027,VS0,VE0',
146 verbose headers   vary: 'Accept-Encoding' }
147 silly get cb [ 200,
147 silly get   { server: 'nginx/1.10.1',
147 silly get     'content-type': 'application/json',
147 silly get     'last-modified': 'Fri, 08 Mar 2013 01:47:54 GMT',
147 silly get     etag: 'W/"5139434a-3b1a"',
147 silly get     'content-encoding': 'gzip',
147 silly get     'cache-control': 'max-age=300',
147 silly get     'content-length': '3538',
147 silly get     'accept-ranges': 'bytes',
147 silly get     date: 'Wed, 28 Jun 2017 13:01:54 GMT',
147 silly get     via: '1.1 varnish',
147 silly get     age: '38',
147 silly get     connection: 'keep-alive',
147 silly get     'x-served-by': 'cache-lhr6332-LHR',
147 silly get     'x-cache': 'HIT',
147 silly get     'x-cache-hits': '1',
147 silly get     'x-timer': 'S1498654914.129027,VS0,VE0',
147 silly get     vary: 'Accept-Encoding' } ]
148 verbose get saving ng-grid to C:\Users\rahul.dutta\AppData\Roaming\npm-cache\registry.npmjs.org\ng-grid\.cache.json
149 verbose correctMkdir C:\Users\rahul.dutta\AppData\Roaming\npm-cache correctMkdir not in flight; initializing
150 http 200 https://registry.npmjs.org/jquery
151 verbose headers { server: 'nginx/1.10.1',
151 verbose headers   'content-type': 'application/json',
151 verbose headers   'last-modified': 'Wed, 28 Jun 2017 07:07:35 GMT',
151 verbose headers   etag: 'W/"595355b7-160be"',
151 verbose headers   'content-encoding': 'gzip',
151 verbose headers   'cache-control': 'max-age=300',
151 verbose headers   'content-length': '10703',
151 verbose headers   'accept-ranges': 'bytes',
151 verbose headers   date: 'Wed, 28 Jun 2017 13:01:54 GMT',
151 verbose headers   via: '1.1 varnish',
151 verbose headers   age: '249',
151 verbose headers   connection: 'keep-alive',
151 verbose headers   'x-served-by': 'cache-lhr6324-LHR',
151 verbose headers   'x-cache': 'HIT',
151 verbose headers   'x-cache-hits': '4',
151 verbose headers   'x-timer': 'S1498654914.137308,VS0,VE0',
151 verbose headers   vary: 'Accept-Encoding' }
152 silly get cb [ 200,
152 silly get   { server: 'nginx/1.10.1',
152 silly get     'content-type': 'application/json',
152 silly get     'last-modified': 'Wed, 28 Jun 2017 07:07:35 GMT',
152 silly get     etag: 'W/"595355b7-160be"',
152 silly get     'content-encoding': 'gzip',
152 silly get     'cache-control': 'max-age=300',
152 silly get     'content-length': '10703',
152 silly get     'accept-ranges': 'bytes',
152 silly get     date: 'Wed, 28 Jun 2017 13:01:54 GMT',
152 silly get     via: '1.1 varnish',
152 silly get     age: '249',
152 silly get     connection: 'keep-alive',
152 silly get     'x-served-by': 'cache-lhr6324-LHR',
152 silly get     'x-cache': 'HIT',
152 silly get     'x-cache-hits': '4',
152 silly get     'x-timer': 'S1498654914.137308,VS0,VE0',
152 silly get     vary: 'Accept-Encoding' } ]
153 verbose get saving jquery to C:\Users\rahul.dutta\AppData\Roaming\npm-cache\registry.npmjs.org\jquery\.cache.json
154 verbose correctMkdir C:\Users\rahul.dutta\AppData\Roaming\npm-cache correctMkdir not in flight; initializing
155 silly fetchPackageMetaData Error: No compatible version found: jqueryui@@1.11.1
155 silly fetchPackageMetaData Valid install targets:
155 silly fetchPackageMetaData 1.11.1
155 silly fetchPackageMetaData
155 silly fetchPackageMetaData     at pickVersionFromRegistryDocument (C:\Program Files\nodejs\node_modules\npm\lib\fetch-package-metadata.js:158:16)
155 silly fetchPackageMetaData     at C:\Program Files\nodejs\node_modules\npm\node_modules\iferr\index.js:13:50
155 silly fetchPackageMetaData     at C:\Program Files\nodejs\node_modules\npm\lib\utils\pulse-till-done.js:20:8
155 silly fetchPackageMetaData     at saved (C:\Program Files\nodejs\node_modules\npm\lib\cache\caching-client.js:174:7)
155 silly fetchPackageMetaData     at C:\Program Files\nodejs\node_modules\npm\node_modules\graceful-fs\polyfills.js:261:18
155 silly fetchPackageMetaData     at FSReqWrap.oncomplete (fs.js:112:15)
155 silly fetchPackageMetaData  error for jqueryui@@1.11.1 { Error: No compatible version found: jqueryui@@1.11.1
155 silly fetchPackageMetaData Valid install targets:
155 silly fetchPackageMetaData 1.11.1
155 silly fetchPackageMetaData
155 silly fetchPackageMetaData     at pickVersionFromRegistryDocument (C:\Program Files\nodejs\node_modules\npm\lib\fetch-package-metadata.js:158:16)
155 silly fetchPackageMetaData     at C:\Program Files\nodejs\node_modules\npm\node_modules\iferr\index.js:13:50
155 silly fetchPackageMetaData     at C:\Program Files\nodejs\node_modules\npm\lib\utils\pulse-till-done.js:20:8
155 silly fetchPackageMetaData     at saved (C:\Program Files\nodejs\node_modules\npm\lib\cache\caching-client.js:174:7)
155 silly fetchPackageMetaData     at C:\Program Files\nodejs\node_modules\npm\node_modules\graceful-fs\polyfills.js:261:18
155 silly fetchPackageMetaData     at FSReqWrap.oncomplete (fs.js:112:15) code: 'ETARGET' }
156 silly fetchPackageMetaData Error: No compatible version found: ng-grid@@2.0.1
156 silly fetchPackageMetaData Valid install targets:
156 silly fetchPackageMetaData 2.0.1
156 silly fetchPackageMetaData
156 silly fetchPackageMetaData     at pickVersionFromRegistryDocument (C:\Program Files\nodejs\node_modules\npm\lib\fetch-package-metadata.js:158:16)
156 silly fetchPackageMetaData     at C:\Program Files\nodejs\node_modules\npm\node_modules\iferr\index.js:13:50
156 silly fetchPackageMetaData     at C:\Program Files\nodejs\node_modules\npm\lib\utils\pulse-till-done.js:20:8
156 silly fetchPackageMetaData     at saved (C:\Program Files\nodejs\node_modules\npm\lib\cache\caching-client.js:174:7)
156 silly fetchPackageMetaData     at C:\Program Files\nodejs\node_modules\npm\node_modules\graceful-fs\polyfills.js:261:18
156 silly fetchPackageMetaData     at FSReqWrap.oncomplete (fs.js:112:15)
156 silly fetchPackageMetaData  error for ng-grid@@2.0.1 { Error: No compatible version found: ng-grid@@2.0.1
156 silly fetchPackageMetaData Valid install targets:
156 silly fetchPackageMetaData 2.0.1
156 silly fetchPackageMetaData
156 silly fetchPackageMetaData     at pickVersionFromRegistryDocument (C:\Program Files\nodejs\node_modules\npm\lib\fetch-package-metadata.js:158:16)
156 silly fetchPackageMetaData     at C:\Program Files\nodejs\node_modules\npm\node_modules\iferr\index.js:13:50
156 silly fetchPackageMetaData     at C:\Program Files\nodejs\node_modules\npm\lib\utils\pulse-till-done.js:20:8
156 silly fetchPackageMetaData     at saved (C:\Program Files\nodejs\node_modules\npm\lib\cache\caching-client.js:174:7)
156 silly fetchPackageMetaData     at C:\Program Files\nodejs\node_modules\npm\node_modules\graceful-fs\polyfills.js:261:18
156 silly fetchPackageMetaData     at FSReqWrap.oncomplete (fs.js:112:15) code: 'ETARGET' }
157 silly fetchPackageMetaData Error: No compatible version found: jquery@@2.1.0
157 silly fetchPackageMetaData Valid install targets:
157 silly fetchPackageMetaData 1.5.1, 1.6.2, 1.6.3, 1.7.2, 1.7.3, 1.8.2, 1.8.3, 2.1.0-beta2, 2.1.0-beta3, 1.11.0-beta3, 1.11.0-rc1, 2.1.0-rc1, 1.11.0, 2.1.0, 2.1.1-beta1, 1.11.1-beta1, 2.1.1-rc1, 1.11.1-rc1, 2.1.1-rc2, 1.11.1-rc2, 2.1.1, 1.11.1, 1.9.1, 2.1.2, 1.11.2, 2.1.3, 2.1.4, 1.11.3, 3.0.0-alpha1, 1.12.0, 2.2.0, 3.0.0-beta1, 1.12.1, 2.2.1, 1.12.2, 2.2.2, 1.12.3, 2.2.3, 1.12.4, 2.2.4, 3.0.0-rc1, 3.0.0, 3.1.0, 3.1.1, 3.2.0, 3.2.1
157 silly fetchPackageMetaData
157 silly fetchPackageMetaData     at pickVersionFromRegistryDocument (C:\Program Files\nodejs\node_modules\npm\lib\fetch-package-metadata.js:158:16)
157 silly fetchPackageMetaData     at C:\Program Files\nodejs\node_modules\npm\node_modules\iferr\index.js:13:50
157 silly fetchPackageMetaData     at C:\Program Files\nodejs\node_modules\npm\lib\utils\pulse-till-done.js:20:8
157 silly fetchPackageMetaData     at saved (C:\Program Files\nodejs\node_modules\npm\lib\cache\caching-client.js:174:7)
157 silly fetchPackageMetaData     at C:\Program Files\nodejs\node_modules\npm\node_modules\graceful-fs\polyfills.js:261:18
157 silly fetchPackageMetaData     at FSReqWrap.oncomplete (fs.js:112:15)
157 silly fetchPackageMetaData  error for jquery@@2.1.0 { Error: No compatible version found: jquery@@2.1.0
157 silly fetchPackageMetaData Valid install targets:
157 silly fetchPackageMetaData 1.5.1, 1.6.2, 1.6.3, 1.7.2, 1.7.3, 1.8.2, 1.8.3, 2.1.0-beta2, 2.1.0-beta3, 1.11.0-beta3, 1.11.0-rc1, 2.1.0-rc1, 1.11.0, 2.1.0, 2.1.1-beta1, 1.11.1-beta1, 2.1.1-rc1, 1.11.1-rc1, 2.1.1-rc2, 1.11.1-rc2, 2.1.1, 1.11.1, 1.9.1, 2.1.2, 1.11.2, 2.1.3, 2.1.4, 1.11.3, 3.0.0-alpha1, 1.12.0, 2.2.0, 3.0.0-beta1, 1.12.1, 2.2.1, 1.12.2, 2.2.2, 1.12.3, 2.2.3, 1.12.4, 2.2.4, 3.0.0-rc1, 3.0.0, 3.1.0, 3.1.1, 3.2.0, 3.2.1
157 silly fetchPackageMetaData
157 silly fetchPackageMetaData     at pickVersionFromRegistryDocument (C:\Program Files\nodejs\node_modules\npm\lib\fetch-package-metadata.js:158:16)
157 silly fetchPackageMetaData     at C:\Program Files\nodejs\node_modules\npm\node_modules\iferr\index.js:13:50
157 silly fetchPackageMetaData     at C:\Program Files\nodejs\node_modules\npm\lib\utils\pulse-till-done.js:20:8
157 silly fetchPackageMetaData     at saved (C:\Program Files\nodejs\node_modules\npm\lib\cache\caching-client.js:174:7)
157 silly fetchPackageMetaData     at C:\Program Files\nodejs\node_modules\npm\node_modules\graceful-fs\polyfills.js:261:18
157 silly fetchPackageMetaData     at FSReqWrap.oncomplete (fs.js:112:15) code: 'ETARGET' }
158 silly fetchPackageMetaData Error: No compatible version found: bootstrap@@3.3.5
158 silly fetchPackageMetaData Valid install targets:
158 silly fetchPackageMetaData 0.0.1, 0.0.2, 3.1.1, 3.2.0, 3.3.0, 3.3.1, 3.3.2, 3.3.4, 3.3.5, 3.3.6, 4.0.0-alpha.2, 3.3.7, 4.0.0-alpha.3, 4.0.0-alpha.4, 4.0.0-alpha.5, 4.0.0-alpha.6
158 silly fetchPackageMetaData
158 silly fetchPackageMetaData     at pickVersionFromRegistryDocument (C:\Program Files\nodejs\node_modules\npm\lib\fetch-package-metadata.js:158:16)
158 silly fetchPackageMetaData     at C:\Program Files\nodejs\node_modules\npm\node_modules\iferr\index.js:13:50
158 silly fetchPackageMetaData     at C:\Program Files\nodejs\node_modules\npm\lib\utils\pulse-till-done.js:20:8
158 silly fetchPackageMetaData     at saved (C:\Program Files\nodejs\node_modules\npm\lib\cache\caching-client.js:174:7)
158 silly fetchPackageMetaData     at C:\Program Files\nodejs\node_modules\npm\node_modules\graceful-fs\polyfills.js:261:18
158 silly fetchPackageMetaData     at FSReqWrap.oncomplete (fs.js:112:15)
158 silly fetchPackageMetaData  error for bootstrap@@3.3.5 { Error: No compatible version found: bootstrap@@3.3.5
158 silly fetchPackageMetaData Valid install targets:
158 silly fetchPackageMetaData 0.0.1, 0.0.2, 3.1.1, 3.2.0, 3.3.0, 3.3.1, 3.3.2, 3.3.4, 3.3.5, 3.3.6, 4.0.0-alpha.2, 3.3.7, 4.0.0-alpha.3, 4.0.0-alpha.4, 4.0.0-alpha.5, 4.0.0-alpha.6
158 silly fetchPackageMetaData
158 silly fetchPackageMetaData     at pickVersionFromRegistryDocument (C:\Program Files\nodejs\node_modules\npm\lib\fetch-package-metadata.js:158:16)
158 silly fetchPackageMetaData     at C:\Program Files\nodejs\node_modules\npm\node_modules\iferr\index.js:13:50
158 silly fetchPackageMetaData     at C:\Program Files\nodejs\node_modules\npm\lib\utils\pulse-till-done.js:20:8
158 silly fetchPackageMetaData     at saved (C:\Program Files\nodejs\node_modules\npm\lib\cache\caching-client.js:174:7)
158 silly fetchPackageMetaData     at C:\Program Files\nodejs\node_modules\npm\node_modules\graceful-fs\polyfills.js:261:18
158 silly fetchPackageMetaData     at FSReqWrap.oncomplete (fs.js:112:15) code: 'ETARGET' }
159 http 200 https://registry.npmjs.org/angular
160 verbose headers { server: 'nginx/1.10.1',
160 verbose headers   'content-type': 'application/json',
160 verbose headers   'last-modified': 'Mon, 26 Jun 2017 07:18:41 GMT',
160 verbose headers   etag: 'W/"5950b551-24b6c"',
160 verbose headers   'content-encoding': 'gzip',
160 verbose headers   'cache-control': 'max-age=300',
160 verbose headers   'content-length': '15497',
160 verbose headers   'accept-ranges': 'bytes',
160 verbose headers   date: 'Wed, 28 Jun 2017 13:01:54 GMT',
160 verbose headers   via: '1.1 varnish',
160 verbose headers   age: '20',
160 verbose headers   connection: 'keep-alive',
160 verbose headers   'x-served-by': 'cache-lhr6345-LHR',
160 verbose headers   'x-cache': 'HIT',
160 verbose headers   'x-cache-hits': '1',
160 verbose headers   'x-timer': 'S1498654914.121170,VS0,VE1',
160 verbose headers   vary: 'Accept-Encoding' }
161 silly get cb [ 200,
161 silly get   { server: 'nginx/1.10.1',
161 silly get     'content-type': 'application/json',
161 silly get     'last-modified': 'Mon, 26 Jun 2017 07:18:41 GMT',
161 silly get     etag: 'W/"5950b551-24b6c"',
161 silly get     'content-encoding': 'gzip',
161 silly get     'cache-control': 'max-age=300',
161 silly get     'content-length': '15497',
161 silly get     'accept-ranges': 'bytes',
161 silly get     date: 'Wed, 28 Jun 2017 13:01:54 GMT',
161 silly get     via: '1.1 varnish',
161 silly get     age: '20',
161 silly get     connection: 'keep-alive',
161 silly get     'x-served-by': 'cache-lhr6345-LHR',
161 silly get     'x-cache': 'HIT',
161 silly get     'x-cache-hits': '1',
161 silly get     'x-timer': 'S1498654914.121170,VS0,VE1',
161 silly get     vary: 'Accept-Encoding' } ]
162 verbose get saving angular to C:\Users\rahul.dutta\AppData\Roaming\npm-cache\registry.npmjs.org\angular\.cache.json
163 verbose correctMkdir C:\Users\rahul.dutta\AppData\Roaming\npm-cache correctMkdir not in flight; initializing
164 silly fetchPackageMetaData Error: No compatible version found: angular@@1.3.0
164 silly fetchPackageMetaData Valid install targets:
164 silly fetchPackageMetaData 0.0.1, 0.0.1-1, 0.0.1-2, 0.0.2, 0.0.3, 0.0.4, 1.0.0, 1.0.1, 1.0.2, 1.0.3, 1.0.4, 1.0.5, 1.0.6, 1.0.7, 1.0.8, 1.1.0, 1.1.1, 1.1.2, 1.1.3, 1.1.4, 1.1.5, 1.2.0, 1.2.1, 1.2.2, 1.2.3, 1.2.4, 1.2.5, 1.2.6, 1.2.7, 1.2.8, 1.2.9, 1.2.10, 1.2.11, 1.2.12, 1.2.13, 1.2.14, 1.2.15, 1.2.16, 1.2.17, 1.2.18, 1.2.19, 1.2.20, 1.2.21, 1.2.22, 1.2.23, 1.3.0-rc.5, 1.3.0, 1.3.1, 1.3.2, 1.3.3, 1.3.4-build.3588, 1.2.27, 1.3.4, 1.3.5, 1.3.6, 1.3.7, 1.2.28, 1.3.8, 1.4.0-beta.0, 1.3.9, 1.3.10, 1.4.0-beta.1, 1.4.0-beta.2, 1.3.11, 1.4.0-beta.3, 1.3.12, 1.3.13, 1.4.0-beta.4, 1.3.14, 1.4.0-beta.5, 1.4.0-beta.6, 1.3.15, 1.4.0-rc.0, 1.4.0-rc.1, 1.4.0-rc.2, 1.4.0, 1.3.16, 1.4.1, 1.4.2, 1.3.17, 1.4.3, 1.4.4, 1.3.18, 1.4.5, 1.3.19, 1.4.6, 1.5.0-beta.0, 1.2.29, 1.3.20, 1.4.7, 1.5.0-beta.2, 1.4.8, 1.5.0-rc.0, 1.5.0-rc.1, 1.4.9, 1.5.0-rc.2, 1.5.0, 1.5.1, 1.4.10, 1.5.2, 1.5.3, 1.5.5, 1.4.11, 1.5.6, 1.4.12, 1.5.7, 1.2.30, 1.5.8, 1.4.13, 1.2.31, 1.2.32, 1.4.14, 1.6.0-rc.0, 1.6.0-rc.1, 1.5.9, 1.6.0-rc.2, 1.6.0, 1.5.10, 1.6.1, 1.5.11, 1.6.2, 1.6.3, 1.6.4
164 silly fetchPackageMetaData
164 silly fetchPackageMetaData     at pickVersionFromRegistryDocument (C:\Program Files\nodejs\node_modules\npm\lib\fetch-package-metadata.js:158:16)
164 silly fetchPackageMetaData     at C:\Program Files\nodejs\node_modules\npm\node_modules\iferr\index.js:13:50
164 silly fetchPackageMetaData     at C:\Program Files\nodejs\node_modules\npm\lib\utils\pulse-till-done.js:20:8
164 silly fetchPackageMetaData     at saved (C:\Program Files\nodejs\node_modules\npm\lib\cache\caching-client.js:174:7)
164 silly fetchPackageMetaData     at C:\Program Files\nodejs\node_modules\npm\node_modules\graceful-fs\polyfills.js:261:18
164 silly fetchPackageMetaData     at FSReqWrap.oncomplete (fs.js:112:15)
164 silly fetchPackageMetaData  error for angular@@1.3.0 { Error: No compatible version found: angular@@1.3.0
164 silly fetchPackageMetaData Valid install targets:
164 silly fetchPackageMetaData 0.0.1, 0.0.1-1, 0.0.1-2, 0.0.2, 0.0.3, 0.0.4, 1.0.0, 1.0.1, 1.0.2, 1.0.3, 1.0.4, 1.0.5, 1.0.6, 1.0.7, 1.0.8, 1.1.0, 1.1.1, 1.1.2, 1.1.3, 1.1.4, 1.1.5, 1.2.0, 1.2.1, 1.2.2, 1.2.3, 1.2.4, 1.2.5, 1.2.6, 1.2.7, 1.2.8, 1.2.9, 1.2.10, 1.2.11, 1.2.12, 1.2.13, 1.2.14, 1.2.15, 1.2.16, 1.2.17, 1.2.18, 1.2.19, 1.2.20, 1.2.21, 1.2.22, 1.2.23, 1.3.0-rc.5, 1.3.0, 1.3.1, 1.3.2, 1.3.3, 1.3.4-build.3588, 1.2.27, 1.3.4, 1.3.5, 1.3.6, 1.3.7, 1.2.28, 1.3.8, 1.4.0-beta.0, 1.3.9, 1.3.10, 1.4.0-beta.1, 1.4.0-beta.2, 1.3.11, 1.4.0-beta.3, 1.3.12, 1.3.13, 1.4.0-beta.4, 1.3.14, 1.4.0-beta.5, 1.4.0-beta.6, 1.3.15, 1.4.0-rc.0, 1.4.0-rc.1, 1.4.0-rc.2, 1.4.0, 1.3.16, 1.4.1, 1.4.2, 1.3.17, 1.4.3, 1.4.4, 1.3.18, 1.4.5, 1.3.19, 1.4.6, 1.5.0-beta.0, 1.2.29, 1.3.20, 1.4.7, 1.5.0-beta.2, 1.4.8, 1.5.0-rc.0, 1.5.0-rc.1, 1.4.9, 1.5.0-rc.2, 1.5.0, 1.5.1, 1.4.10, 1.5.2, 1.5.3, 1.5.5, 1.4.11, 1.5.6, 1.4.12, 1.5.7, 1.2.30, 1.5.8, 1.4.13, 1.2.31, 1.2.32, 1.4.14, 1.6.0-rc.0, 1.6.0-rc.1, 1.5.9, 1.6.0-rc.2, 1.6.0, 1.5.10, 1.6.1, 1.5.11, 1.6.2, 1.6.3, 1.6.4
164 silly fetchPackageMetaData
164 silly fetchPackageMetaData     at pickVersionFromRegistryDocument (C:\Program Files\nodejs\node_modules\npm\lib\fetch-package-metadata.js:158:16)
164 silly fetchPackageMetaData     at C:\Program Files\nodejs\node_modules\npm\node_modules\iferr\index.js:13:50
164 silly fetchPackageMetaData     at C:\Program Files\nodejs\node_modules\npm\lib\utils\pulse-till-done.js:20:8
164 silly fetchPackageMetaData     at saved (C:\Program Files\nodejs\node_modules\npm\lib\cache\caching-client.js:174:7)
164 silly fetchPackageMetaData     at C:\Program Files\nodejs\node_modules\npm\node_modules\graceful-fs\polyfills.js:261:18
164 silly fetchPackageMetaData     at FSReqWrap.oncomplete (fs.js:112:15) code: 'ETARGET' }
165 silly rollbackFailedOptional Starting
166 silly rollbackFailedOptional Finishing
167 silly runTopLevelLifecycles Finishing
168 silly install printInstalled
169 verbose stack Error: No compatible version found: jqueryui@@1.11.1
169 verbose stack Valid install targets:
169 verbose stack 1.11.1
169 verbose stack
169 verbose stack     at pickVersionFromRegistryDocument (C:\Program Files\nodejs\node_modules\npm\lib\fetch-package-metadata.js:158:16)
169 verbose stack     at C:\Program Files\nodejs\node_modules\npm\node_modules\iferr\index.js:13:50
169 verbose stack     at C:\Program Files\nodejs\node_modules\npm\lib\utils\pulse-till-done.js:20:8
169 verbose stack     at saved (C:\Program Files\nodejs\node_modules\npm\lib\cache\caching-client.js:174:7)
169 verbose stack     at C:\Program Files\nodejs\node_modules\npm\node_modules\graceful-fs\polyfills.js:261:18
169 verbose stack     at FSReqWrap.oncomplete (fs.js:112:15)
170 verbose cwd D:\xampp\htdocs\angularGridPoc\grid-sample.git\grid-sample.git\branches\grid-accordion-integration
171 error Windows_NT 6.1.7601
172 error argv "C:\\Program Files\\nodejs\\node.exe" "C:\\Program Files\\nodejs\\node_modules\\npm\\bin\\npm-cli.js" "i"
173 error node v7.5.0
174 error npm  v4.1.2
175 error code ETARGET
176 error notarget No compatible version found: jqueryui@@1.11.1
176 error notarget Valid install targets:
176 error notarget 1.11.1
177 error notarget This is most likely not a problem with npm itself.
177 error notarget In most cases you or one of your dependencies are requesting
177 error notarget a package version that doesn't exist.
177 error notarget
177 error notarget It was specified as a dependency of 'basic-ng-grid'
178 verbose exit [ 1, true ]
